Using pre-set license
Built from '2021.3/staging' branch; Version is '2021.3.2f1 (d6360bedb9a0) revision 14038539'; Using compiler version '192829333'; Build Type 'Release'
OS: 'Windows 10  (10.0.19044) 64bit Core' Language: 'ko' Physical Memory: 8103 MB
BatchMode: 1, IsHumanControllingUs: 0, StartBugReporterOnCrash: 0, Is64bit: 1, IsPro: 1

COMMAND LINE ARGUMENTS:
C:\Program Files\Unity\Hub\Editor\2021.3.2f1\Editor\Unity.exe
-adb2
-batchMode
-noUpm
-name
AssetImportWorker2
-projectPath
C:/Dev_Project/Unity_Project/TS2221_MOVE/Hoho
-logFile
Logs/AssetImportWorker2.log
-srvPort
50544
Successfully changed project path to: C:/Dev_Project/Unity_Project/TS2221_MOVE/Hoho
C:/Dev_Project/Unity_Project/TS2221_MOVE/Hoho
[UnityMemory] Configuration Parameters - Can be set up in boot.config
    "memorysetup-bucket-allocator-granularity=16"
    "memorysetup-bucket-allocator-bucket-count=8"
    "memorysetup-bucket-allocator-block-size=33554432"
    "memorysetup-bucket-allocator-block-count=8"
    "memorysetup-main-allocator-block-size=16777216"
    "memorysetup-thread-allocator-block-size=16777216"
    "memorysetup-gfx-main-allocator-block-size=16777216"
    "memorysetup-gfx-thread-allocator-block-size=16777216"
    "memorysetup-cache-allocator-block-size=4194304"
    "memorysetup-typetree-allocator-block-size=2097152"
    "memorysetup-profiler-bucket-allocator-granularity=16"
    "memorysetup-profiler-bucket-allocator-bucket-count=8"
    "memorysetup-profiler-bucket-allocator-block-size=33554432"
    "memorysetup-profiler-bucket-allocator-block-count=8"
    "memorysetup-profiler-allocator-block-size=16777216"
    "memorysetup-profiler-editor-allocator-block-size=1048576"
    "memorysetup-temp-allocator-size-main=16777216"
    "memorysetup-job-temp-allocator-block-size=2097152"
    "memorysetup-job-temp-allocator-block-size-background=1048576"
    "memorysetup-job-temp-allocator-reduction-small-platforms=262144"
    "memorysetup-temp-allocator-size-background-worker=32768"
    "memorysetup-temp-allocator-size-job-worker=262144"
    "memorysetup-temp-allocator-size-preload-manager=33554432"
    "memorysetup-temp-allocator-size-nav-mesh-worker=65536"
    "memorysetup-temp-allocator-size-audio-worker=65536"
    "memorysetup-temp-allocator-size-cloud-worker=32768"
    "memorysetup-temp-allocator-size-gi-baking-worker=262144"
    "memorysetup-temp-allocator-size-gfx=262144"
Refreshing native plugins compatible for Editor in 380.29 ms, found 4 plugins.
Preloading 0 native plugins for Editor in 0.00 ms.
Initialize engine version: 2021.3.2f1 (d6360bedb9a0)
[Subsystems] Discovering subsystems at path C:/Program Files/Unity/Hub/Editor/2021.3.2f1/Editor/Data/Resources/UnitySubsystems
[Subsystems] Discovering subsystems at path C:/Dev_Project/Unity_Project/TS2221_MOVE/Hoho/Assets
GfxDevice: creating device client; threaded=0; jobified=0
Direct3D:
    Version:  Direct3D 11.0 [level 11.0]
    Renderer: NVIDIA GeForce 840M (ID=0x1341)
    Vendor:   NVIDIA
    VRAM:     2020 MB
    Driver:   23.21.13.8873
Initialize mono
Mono path[0] = 'C:/Program Files/Unity/Hub/Editor/2021.3.2f1/Editor/Data/Managed'
Mono path[1] = 'C:/Program Files/Unity/Hub/Editor/2021.3.2f1/Editor/Data/MonoBleedingEdge/lib/mono/unityjit-win32'
Mono config path = 'C:/Program Files/Unity/Hub/Editor/2021.3.2f1/Editor/Data/MonoBleedingEdge/etc'
Using monoOptions --debugger-agent=transport=dt_socket,embedding=1,server=y,suspend=n,address=127.0.0.1:56368
Begin MonoManager ReloadAssembly
Registering precompiled unity dll's ...
Register platform support module: C:/Program Files/Unity/Hub/Editor/2021.3.2f1/Editor/Data/PlaybackEngines/WebGLSupport/UnityEditor.WebGL.Extensions.dll
Register platform support module: C:/Program Files/Unity/Hub/Editor/2021.3.2f1/Editor/Data/PlaybackEngines/AndroidPlayer/UnityEditor.Android.Extensions.dll
Register platform support module: C:/Program Files/Unity/Hub/Editor/2021.3.2f1/Editor/Data/PlaybackEngines/WindowsStandaloneSupport/UnityEditor.WindowsStandalone.Extensions.dll
Register platform support module: C:/Program Files/Unity/Hub/Editor/2021.3.2f1/Editor/Data/PlaybackEngines/MetroSupport/UnityEditor.UWP.Extensions.dll
Registered in 0.116277 seconds.
Native extension for UWP target not found
Native extension for WindowsStandalone target not found
Native extension for Android target not found
Native extension for WebGL target not found
Refreshing native plugins compatible for Editor in 375.16 ms, found 4 plugins.
Preloading 0 native plugins for Editor in 0.00 ms.
Mono: successfully reloaded assembly
- Completed reload, in  3.973 seconds
Domain Reload Profiling:
	ReloadAssembly (3982ms)
		BeginReloadAssembly (415ms)
			ExecutionOrderSort (0ms)
			DisableScriptedObjects (0ms)
			BackupInstance (0ms)
			ReleaseScriptingObjects (0ms)
			CreateAndSetChildDomain (3ms)
		EndReloadAssembly (2739ms)
			LoadAssemblies (404ms)
			RebuildTransferFunctionScriptingTraits (0ms)
			SetupTypeCache (473ms)
			ReleaseScriptCaches (0ms)
			RebuildScriptCaches (176ms)
			SetupLoadedEditorAssemblies (1810ms)
				LogAssemblyErrors (0ms)
				InitializePlatformSupportModulesInManaged (470ms)
				SetLoadedEditorAssemblies (1ms)
				RefreshPlugins (375ms)
				BeforeProcessingInitializeOnLoad (5ms)
				ProcessInitializeOnLoadAttributes (527ms)
				ProcessInitializeOnLoadMethodAttributes (432ms)
				AfterProcessingInitializeOnLoad (0ms)
				EditorAssembliesLoaded (0ms)
			ExecutionOrderSort2 (0ms)
			AwakeInstancesAfterBackupRestoration (0ms)
Platform modules already initialized, skipping
Registering precompiled user dll's ...
Registered in 0.310965 seconds.
Begin MonoManager ReloadAssembly
Symbol file LoadedFromMemory doesn't match image C:\Dev_Project\Unity_Project\TS2221_MOVE\Hoho\Library\PackageCache\com.unity.visualscripting@1.7.6\Editor\VisualScripting.Core\Dependencies\YamlDotNet\Unity.VisualScripting.YamlDotNet.dll
Symbol file LoadedFromMemory doesn't match image C:\Dev_Project\Unity_Project\TS2221_MOVE\Hoho\Library\PackageCache\com.unity.visualscripting@1.7.6\Editor\VisualScripting.Core\Dependencies\DotNetZip\Unity.VisualScripting.IonicZip.dll
Native extension for UWP target not found
Native extension for WindowsStandalone target not found
Native extension for Android target not found
Native extension for WebGL target not found
Refreshing native plugins compatible for Editor in 413.77 ms, found 4 plugins.
Preloading 0 native plugins for Editor in 0.00 ms.
Mono: successfully reloaded assembly
- Completed reload, in  8.794 seconds
Domain Reload Profiling:
	ReloadAssembly (8796ms)
		BeginReloadAssembly (809ms)
			ExecutionOrderSort (0ms)
			DisableScriptedObjects (24ms)
			BackupInstance (0ms)
			ReleaseScriptingObjects (0ms)
			CreateAndSetChildDomain (193ms)
		EndReloadAssembly (7289ms)
			LoadAssemblies (2182ms)
			RebuildTransferFunctionScriptingTraits (0ms)
			SetupTypeCache (1871ms)
			ReleaseScriptCaches (1ms)
			RebuildScriptCaches (357ms)
			SetupLoadedEditorAssemblies (2841ms)
				LogAssemblyErrors (0ms)
				InitializePlatformSupportModulesInManaged (83ms)
				SetLoadedEditorAssemblies (1ms)
				RefreshPlugins (414ms)
				BeforeProcessingInitializeOnLoad (544ms)
				ProcessInitializeOnLoadAttributes (1476ms)
				ProcessInitializeOnLoadMethodAttributes (234ms)
				AfterProcessingInitializeOnLoad (89ms)
				EditorAssembliesLoaded (0ms)
			ExecutionOrderSort2 (0ms)
			AwakeInstancesAfterBackupRestoration (49ms)
Platform modules already initialized, skipping
========================================================================
Worker process is ready to serve import requests
Launched and connected shader compiler UnityShaderCompiler.exe after 0.41 seconds
Refreshing native plugins compatible for Editor in 4.80 ms, found 4 plugins.
Preloading 0 native plugins for Editor in 0.00 ms.
Unloading 4048 Unused Serialized files (Serialized files now loaded: 0)
Unloading 42 unused Assets / (200.2 KB). Loaded Objects now: 4525.
Memory consumption went from 174.7 MB to 174.5 MB.
Total: 12.799600 ms (FindLiveObjects: 0.791000 ms CreateObjectMapping: 0.866700 ms MarkObjects: 10.465400 ms  DeleteObjects: 0.674000 ms)

AssetImportParameters requested are different than current active one (requested -> active):
  custom:video-decoder-ogg-theora: a1e56fd34408186e4bbccfd4996cb3dc -> 
  custom:container-muxer-webm: aa71ff27fc2769a1b78a27578f13a17b -> 
  custom:container-demuxer-webm: 4f35f7cbe854078d1ac9338744f61a02 -> 
  custom:video-encoder-webm-vp8: eb34c28f22e8b96e1ab97ce403110664 -> 
  custom:video-codec-MediaFoundation-h265: 746d11721c4dcdbdad8f713fa42b33f4 -> 
  custom:audio-encoder-webm-vorbis: bf7c407c2cedff20999df2af8eb42d56 -> 
  custom:framework-win-MediaFoundation: 216162199b28c13a410421893ffa2e32 -> 
  custom:container-demuxer-ogg: 62fdf1f143b41e24485cea50d1cbac27 -> 
  custom:video-decoder-webm-vp8: 9c59270c3fd7afecdb556c50c9e8de78 -> 
  custom:audio-decoder-ogg-vorbis: bf7c407c2cedff20999df2af8eb42d56 -> 
========================================================================
Received Import Request.
  Time since last request: 36610.018466 seconds.
  path: Assets/Pictures/침없는시계.png
  artifactKey: Guid(0786a792f15c06946b4ee3da71bf1abe) Importer(815301076,1909f56bfc062723c751e8b465ee728b)
Start importing Assets/Pictures/침없는시계.png using Guid(0786a792f15c06946b4ee3da71bf1abe) Importer(815301076,1909f56bfc062723c751e8b465ee728b)  -> (artifact id: 'a8d2636973466692743e02323fa136e7') in 1.139384 seconds 
========================================================================
Received Import Request.
  Time since last request: 120.644963 seconds.
  path: Assets/Scenes/아이모드/그림그리기 게임
  artifactKey: Guid(36a75ee999f5b1f4aa2d490d56f740c8) Importer(815301076,1909f56bfc062723c751e8b465ee728b)
Start importing Assets/Scenes/아이모드/그림그리기 게임 using Guid(36a75ee999f5b1f4aa2d490d56f740c8) Importer(815301076,1909f56bfc062723c751e8b465ee728b)  -> (artifact id: 'fbc097c5a7af4af4ceb7fbe0581c6537') in 0.053000 seconds 
========================================================================
Received Import Request.
  Time since last request: 72.341675 seconds.
  path: Assets/Scenes/아이모드/그림그리기 게임/그림그리기시작화면.unity
  artifactKey: Guid(0194c1d4e13dc454782642dc1d779d59) Importer(815301076,1909f56bfc062723c751e8b465ee728b)
Start importing Assets/Scenes/아이모드/그림그리기 게임/그림그리기시작화면.unity using Guid(0194c1d4e13dc454782642dc1d779d59) Importer(815301076,1909f56bfc062723c751e8b465ee728b)  -> (artifact id: '24937dad1a429d01e552e73326816e6c') in 0.040880 seconds 
========================================================================
Received Import Request.
  Time since last request: 368.162280 seconds.
  path: Assets/Pictures/그림그리기로고.png
  artifactKey: Guid(653545514bd088542a53df28dcdd4a7a) Importer(815301076,1909f56bfc062723c751e8b465ee728b)
Start importing Assets/Pictures/그림그리기로고.png using Guid(653545514bd088542a53df28dcdd4a7a) Importer(815301076,1909f56bfc062723c751e8b465ee728b)  -> (artifact id: '2f5fd885a2c636bc5bc12ad646210816') in 0.390375 seconds 
========================================================================
Received Import Request.
  Time since last request: 125.083356 seconds.
  path: Assets/Scenes/아이모드/그림그리기 게임/그림그리기시작화면.unity
  artifactKey: Guid(0194c1d4e13dc454782642dc1d779d59) Importer(815301076,1909f56bfc062723c751e8b465ee728b)
Start importing Assets/Scenes/아이모드/그림그리기 게임/그림그리기시작화면.unity using Guid(0194c1d4e13dc454782642dc1d779d59) Importer(815301076,1909f56bfc062723c751e8b465ee728b)  -> (artifact id: '42d3dd7a1f2c7d704d0cf62f33673e1d') in 0.033775 seconds 
========================================================================
Received Import Request.
  Time since last request: 0.440723 seconds.
  path: Assets/Scenes/아이모드/그림그리기 게임/그림그리기시작화면 1.unity
  artifactKey: Guid(51a7e02f0c177ae44be04480f6221fcc) Importer(815301076,1909f56bfc062723c751e8b465ee728b)
Start importing Assets/Scenes/아이모드/그림그리기 게임/그림그리기시작화면 1.unity using Guid(51a7e02f0c177ae44be04480f6221fcc) Importer(815301076,1909f56bfc062723c751e8b465ee728b)  -> (artifact id: 'd4d9ebed8b3e2aee56eeeb2d2c89d13b') in 0.094343 seconds 
========================================================================
Received Import Request.
  Time since last request: 12.086972 seconds.
  path: Assets/Scenes/아이모드/그림그리기 게임/테마선택화면.unity
  artifactKey: Guid(0194c1d4e13dc454782642dc1d779d59) Importer(815301076,1909f56bfc062723c751e8b465ee728b)
Start importing Assets/Scenes/아이모드/그림그리기 게임/테마선택화면.unity using Guid(0194c1d4e13dc454782642dc1d779d59) Importer(815301076,1909f56bfc062723c751e8b465ee728b)  -> (artifact id: '7a75955ae840b101a0496abed4bf9a34') in 0.036980 seconds 
========================================================================
Received Import Request.
  Time since last request: 110.436733 seconds.
  path: Assets/Scenes/아이모드/그림그리기 게임/테마선택화면.unity
  artifactKey: Guid(0194c1d4e13dc454782642dc1d779d59) Importer(815301076,1909f56bfc062723c751e8b465ee728b)
Start importing Assets/Scenes/아이모드/그림그리기 게임/테마선택화면.unity using Guid(0194c1d4e13dc454782642dc1d779d59) Importer(815301076,1909f56bfc062723c751e8b465ee728b)  -> (artifact id: '46c7b97eaccc24dac6a32959991d309b') in 0.263936 seconds 
========================================================================
Received Import Request.
  Time since last request: 15.442367 seconds.
  path: Assets/Scenes/아이모드/그림그리기 게임/테마선택화면 1.unity
  artifactKey: Guid(4bd835370c46c5346af7f3db7084f5b0) Importer(815301076,1909f56bfc062723c751e8b465ee728b)
Start importing Assets/Scenes/아이모드/그림그리기 게임/테마선택화면 1.unity using Guid(4bd835370c46c5346af7f3db7084f5b0) Importer(815301076,1909f56bfc062723c751e8b465ee728b)  -> (artifact id: '3738a2f5a1501f1a06aeab06b5873ec3') in 0.078479 seconds 
========================================================================
Received Import Request.
  Time since last request: 9.676155 seconds.
  path: Assets/Scenes/아이모드/그림그리기 게임/그림그리기시작화면.unity
  artifactKey: Guid(0194c1d4e13dc454782642dc1d779d59) Importer(815301076,1909f56bfc062723c751e8b465ee728b)
Start importing Assets/Scenes/아이모드/그림그리기 게임/그림그리기시작화면.unity using Guid(0194c1d4e13dc454782642dc1d779d59) Importer(815301076,1909f56bfc062723c751e8b465ee728b)  -> (artifact id: '7f01711754f94efe847ceb52b9bc026d') in 0.016771 seconds 
========================================================================
Received Import Request.
  Time since last request: 417.519058 seconds.
  path: Assets/Pictures/그림틀1.png
  artifactKey: Guid(82624df174f855341832d9d18dfb33bd) Importer(815301076,1909f56bfc062723c751e8b465ee728b)
Start importing Assets/Pictures/그림틀1.png using Guid(82624df174f855341832d9d18dfb33bd) Importer(815301076,1909f56bfc062723c751e8b465ee728b)  -> (artifact id: '77a0176c253495995b8932c879b54cb5') in 0.231487 seconds 
========================================================================
Received Import Request.
  Time since last request: 0.000080 seconds.
  path: Assets/Pictures/완성_그림.png
  artifactKey: Guid(ca2d4de86fe7a5c47bd4e26a736ce8d3) Importer(815301076,1909f56bfc062723c751e8b465ee728b)
Start importing Assets/Pictures/완성_그림.png using Guid(ca2d4de86fe7a5c47bd4e26a736ce8d3) Importer(815301076,1909f56bfc062723c751e8b465ee728b)  -> (artifact id: '2a4c62ea57a133906eaf1a414113ca38') in 0.222995 seconds 
========================================================================
Received Import Request.
  Time since last request: 191.670476 seconds.
  path: Assets/Pictures/그림틀1.png
  artifactKey: Guid(82624df174f855341832d9d18dfb33bd) Importer(815301076,1909f56bfc062723c751e8b465ee728b)
Start importing Assets/Pictures/그림틀1.png using Guid(82624df174f855341832d9d18dfb33bd) Importer(815301076,1909f56bfc062723c751e8b465ee728b)  -> (artifact id: '476abd7ecf3ef087bf415086c1f89abc') in 0.479901 seconds 
========================================================================
Received Import Request.
  Time since last request: 74.133584 seconds.
  path: Assets/Pictures/그림틀1.png
  artifactKey: Guid(82624df174f855341832d9d18dfb33bd) Importer(815301076,1909f56bfc062723c751e8b465ee728b)
Start importing Assets/Pictures/그림틀1.png using Guid(82624df174f855341832d9d18dfb33bd) Importer(815301076,1909f56bfc062723c751e8b465ee728b)  -> (artifact id: '00000000000000000000000000000000') in 0.800853 seconds  code(4) message(Build asset version error: assets/pictures/그림틀1.png in SourceAssetDB has modification time of '2022-07-26T18:51:13.1103239Z' while content on disk has modification time of '2022-07-26T18:51:26.703346Z')
  ERROR: Build asset version error: assets/pictures/그림틀1.png in SourceAssetDB has modification time of '2022-07-26T18:51:13.1103239Z' while content on disk has modification time of '2022-07-26T18:51:26.703346Z'
========================================================================
Received Import Request.
  Time since last request: 196.950643 seconds.
  path: Assets/Pictures/그림틀1.png
  artifactKey: Guid(82624df174f855341832d9d18dfb33bd) Importer(815301076,1909f56bfc062723c751e8b465ee728b)
Start importing Assets/Pictures/그림틀1.png using Guid(82624df174f855341832d9d18dfb33bd) Importer(815301076,1909f56bfc062723c751e8b465ee728b)  -> (artifact id: 'babbb1bf186f1a178e9f73e553bd7b06') in 0.348990 seconds 
========================================================================
Received Import Request.
  Time since last request: 0.000091 seconds.
  path: Assets/Pictures/그림틀2.jpg
  artifactKey: Guid(3815652617ee5f74ab328d01ed099187) Importer(815301076,1909f56bfc062723c751e8b465ee728b)
Start importing Assets/Pictures/그림틀2.jpg using Guid(3815652617ee5f74ab328d01ed099187) Importer(815301076,1909f56bfc062723c751e8b465ee728b)  -> (artifact id: '72b6856b2319a310c5b21dce0df2f243') in 1.271969 seconds 
========================================================================
Received Import Request.
  Time since last request: 71.019750 seconds.
  path: Assets/Pictures/그림틀2.jpg
  artifactKey: Guid(3815652617ee5f74ab328d01ed099187) Importer(815301076,1909f56bfc062723c751e8b465ee728b)
Start importing Assets/Pictures/그림틀2.jpg using Guid(3815652617ee5f74ab328d01ed099187) Importer(815301076,1909f56bfc062723c751e8b465ee728b)  -> (artifact id: 'e01387c90ac0a6bd329f4a578c5c92ca') in 0.181710 seconds 
========================================================================
Received Import Request.
  Time since last request: 60.830089 seconds.
  path: Assets/Pictures/저작권.txt
  artifactKey: Guid(17bec713134cc8b4fb04ce44d0b90dcf) Importer(815301076,1909f56bfc062723c751e8b465ee728b)
Start importing Assets/Pictures/저작권.txt using Guid(17bec713134cc8b4fb04ce44d0b90dcf) Importer(815301076,1909f56bfc062723c751e8b465ee728b)  -> (artifact id: 'cc9b6916e1a6aa996adc1a5d4ec67176') in 0.092769 seconds 
========================================================================
Received Import Request.
  Time since last request: 249.673245 seconds.
  path: Assets/Scenes/아이모드/그림그리기 게임/그림그리기시작화면.unity
  artifactKey: Guid(0194c1d4e13dc454782642dc1d779d59) Importer(815301076,1909f56bfc062723c751e8b465ee728b)
Start importing Assets/Scenes/아이모드/그림그리기 게임/그림그리기시작화면.unity using Guid(0194c1d4e13dc454782642dc1d779d59) Importer(815301076,1909f56bfc062723c751e8b465ee728b)  -> (artifact id: '89e9af41ac8e6db6a4ea63806419d153') in 0.058576 seconds 
========================================================================
Received Import Request.
  Time since last request: 3.669177 seconds.
  path: Assets/Scenes/아이모드/그림그리기 게임/테마선택화면 1.unity
  artifactKey: Guid(4bd835370c46c5346af7f3db7084f5b0) Importer(815301076,1909f56bfc062723c751e8b465ee728b)
Start importing Assets/Scenes/아이모드/그림그리기 게임/테마선택화면 1.unity using Guid(4bd835370c46c5346af7f3db7084f5b0) Importer(815301076,1909f56bfc062723c751e8b465ee728b)  -> (artifact id: '79beb8fdc58598012386b74795c5d82a') in 0.028757 seconds 
========================================================================
Received Import Request.
  Time since last request: 27.000324 seconds.
  path: Assets/Scenes/아이모드/그림그리기 게임/그림그리기시작화면.unity
  artifactKey: Guid(0194c1d4e13dc454782642dc1d779d59) Importer(815301076,1909f56bfc062723c751e8b465ee728b)
Start importing Assets/Scenes/아이모드/그림그리기 게임/그림그리기시작화면.unity using Guid(0194c1d4e13dc454782642dc1d779d59) Importer(815301076,1909f56bfc062723c751e8b465ee728b)  -> (artifact id: '690fb9b7f9d6bfc63091254be499f6dd') in 0.048685 seconds 
========================================================================
Received Import Request.
  Time since last request: 45.739219 seconds.
  path: Assets/Scenes/아이모드/그림그리기 게임/테마선택화면 1.unity
  artifactKey: Guid(4bd835370c46c5346af7f3db7084f5b0) Importer(815301076,1909f56bfc062723c751e8b465ee728b)
Start importing Assets/Scenes/아이모드/그림그리기 게임/테마선택화면 1.unity using Guid(4bd835370c46c5346af7f3db7084f5b0) Importer(815301076,1909f56bfc062723c751e8b465ee728b)  -> (artifact id: '89923b7682e38d48903d00f58f49acf2') in 0.041433 seconds 
========================================================================
Received Import Request.
  Time since last request: 402.341773 seconds.
  path: Assets/Scenes/아이모드/그림그리기 게임/그림그리기시작화면.unity
  artifactKey: Guid(0194c1d4e13dc454782642dc1d779d59) Importer(815301076,1909f56bfc062723c751e8b465ee728b)
Start importing Assets/Scenes/아이모드/그림그리기 게임/그림그리기시작화면.unity using Guid(0194c1d4e13dc454782642dc1d779d59) Importer(815301076,1909f56bfc062723c751e8b465ee728b)  -> (artifact id: 'b3f0f62bda601368676b178bdd714835') in 0.034576 seconds 
========================================================================
Received Import Request.
  Time since last request: 18.177804 seconds.
  path: Assets/Scenes/아이모드/그림그리기 게임/그림그리기진행.unity
  artifactKey: Guid(a04d517d779b4cd4b98215d25c9074b7) Importer(815301076,1909f56bfc062723c751e8b465ee728b)
Start importing Assets/Scenes/아이모드/그림그리기 게임/그림그리기진행.unity using Guid(a04d517d779b4cd4b98215d25c9074b7) Importer(815301076,1909f56bfc062723c751e8b465ee728b)  -> (artifact id: '60721c61d78829f6c7b9e74616fa050d') in 0.029926 seconds 
========================================================================
Received Import Request.
  Time since last request: 119.084724 seconds.
  path: Packages/com.unity.2d.sprite/Editor/ObjectMenuCreation/DefaultAssets/Textures/v2/9Sliced.png
  artifactKey: Guid(8884154dfe85442a3a3578be807dbcdf) Importer(815301076,1909f56bfc062723c751e8b465ee728b)
Start importing Packages/com.unity.2d.sprite/Editor/ObjectMenuCreation/DefaultAssets/Textures/v2/9Sliced.png using Guid(8884154dfe85442a3a3578be807dbcdf) Importer(815301076,1909f56bfc062723c751e8b465ee728b)  -> (artifact id: 'fb530c71e13cae820605baea70c96591') in 3.493471 seconds 
========================================================================
Received Import Request.
  Time since last request: 0.000067 seconds.
  path: Packages/com.unity.2d.sprite/Editor/ObjectMenuCreation/DefaultAssets/Textures/v2/Square.png
  artifactKey: Guid(311925a002f4447b3a28927169b83ea6) Importer(815301076,1909f56bfc062723c751e8b465ee728b)
Start importing Packages/com.unity.2d.sprite/Editor/ObjectMenuCreation/DefaultAssets/Textures/v2/Square.png using Guid(311925a002f4447b3a28927169b83ea6) Importer(815301076,1909f56bfc062723c751e8b465ee728b)  -> (artifact id: 'cdaa3aacc68c4e4e7f8b7bf441d19a76') in 0.360531 seconds 
========================================================================
Received Import Request.
  Time since last request: 0.000114 seconds.
  path: Packages/com.unity.2d.sprite/Editor/ObjectMenuCreation/DefaultAssets/Textures/v2/Capsule.png
  artifactKey: Guid(207ee8102dd4143d288186ef0be518ee) Importer(815301076,1909f56bfc062723c751e8b465ee728b)
Start importing Packages/com.unity.2d.sprite/Editor/ObjectMenuCreation/DefaultAssets/Textures/v2/Capsule.png using Guid(207ee8102dd4143d288186ef0be518ee) Importer(815301076,1909f56bfc062723c751e8b465ee728b)  -> (artifact id: '6516814c9ba9d7bb8309026f68fecec0') in 0.372959 seconds 
========================================================================
Received Import Request.
  Time since last request: 0.000121 seconds.
  path: Packages/com.unity.2d.sprite/Editor/ObjectMenuCreation/DefaultAssets/Textures/v2/HexagonPointedTop.png
  artifactKey: Guid(5aa8b770bc43046bc8d993d0d5b7f4a5) Importer(815301076,1909f56bfc062723c751e8b465ee728b)
Start importing Packages/com.unity.2d.sprite/Editor/ObjectMenuCreation/DefaultAssets/Textures/v2/HexagonPointedTop.png using Guid(5aa8b770bc43046bc8d993d0d5b7f4a5) Importer(815301076,1909f56bfc062723c751e8b465ee728b)  -> (artifact id: 'bf148688465804954c04f495628464f4') in 0.108982 seconds 
========================================================================
Received Import Request.
  Time since last request: 0.000068 seconds.
  path: Packages/com.unity.2d.sprite/Editor/ObjectMenuCreation/DefaultAssets/Textures/v2/Circle.png
  artifactKey: Guid(a86470a33a6bf42c4b3595704624658b) Importer(815301076,1909f56bfc062723c751e8b465ee728b)
Start importing Packages/com.unity.2d.sprite/Editor/ObjectMenuCreation/DefaultAssets/Textures/v2/Circle.png using Guid(a86470a33a6bf42c4b3595704624658b) Importer(815301076,1909f56bfc062723c751e8b465ee728b)  -> (artifact id: 'ac24f05e0c79e881271b2b41cf442556') in 0.110526 seconds 
========================================================================
Received Import Request.
  Time since last request: 0.000054 seconds.
  path: Packages/com.unity.2d.sprite/Editor/ObjectMenuCreation/DefaultAssets/Textures/v2/HexagonFlatTop.png
  artifactKey: Guid(b670ab75dde984907b8570040daa08c5) Importer(815301076,1909f56bfc062723c751e8b465ee728b)
Start importing Packages/com.unity.2d.sprite/Editor/ObjectMenuCreation/DefaultAssets/Textures/v2/HexagonFlatTop.png using Guid(b670ab75dde984907b8570040daa08c5) Importer(815301076,1909f56bfc062723c751e8b465ee728b)  -> (artifact id: '8fca577dfdabee5c3df985d08b253b31') in 0.146092 seconds 
========================================================================
Received Import Request.
  Time since last request: 0.000060 seconds.
  path: Packages/com.unity.2d.sprite/Editor/ObjectMenuCreation/DefaultAssets/Textures/v2/IsometricDiamond.png
  artifactKey: Guid(19fb86013d8c24d6cb8410c0aadf30fa) Importer(815301076,1909f56bfc062723c751e8b465ee728b)
Start importing Packages/com.unity.2d.sprite/Editor/ObjectMenuCreation/DefaultAssets/Textures/v2/IsometricDiamond.png using Guid(19fb86013d8c24d6cb8410c0aadf30fa) Importer(815301076,1909f56bfc062723c751e8b465ee728b)  -> (artifact id: '41a4bb4ad9ddc114a5f30fb37f613423') in 0.377800 seconds 
========================================================================
Received Import Request.
  Time since last request: 50.576631 seconds.
  path: Assets/Pictures/롤러.png
  artifactKey: Guid(8926b825a522b3044b3b7066982e3fc4) Importer(815301076,1909f56bfc062723c751e8b465ee728b)
Start importing Assets/Pictures/롤러.png using Guid(8926b825a522b3044b3b7066982e3fc4) Importer(815301076,1909f56bfc062723c751e8b465ee728b)  -> (artifact id: '84fc536ec3b0ed996eaa3a8c5dad398f') in 0.249300 seconds 
========================================================================
Received Import Request.
  Time since last request: 541.822908 seconds.
  path: Assets/Scenes/아이모드/그림그리기 게임/그림그리기결과.unity
  artifactKey: Guid(41909dd7f54508b409c5352162cb54bb) Importer(815301076,1909f56bfc062723c751e8b465ee728b)
Start importing Assets/Scenes/아이모드/그림그리기 게임/그림그리기결과.unity using Guid(41909dd7f54508b409c5352162cb54bb) Importer(815301076,1909f56bfc062723c751e8b465ee728b)  -> (artifact id: '46d330a38997690b1c4b2fbb4849881f') in 0.037640 seconds 
========================================================================
Received Import Request.
  Time since last request: 7.824139 seconds.
  path: Assets/Scenes/아이모드/그림그리기 게임/그림그리기진행.unity
  artifactKey: Guid(a04d517d779b4cd4b98215d25c9074b7) Importer(815301076,1909f56bfc062723c751e8b465ee728b)
Start importing Assets/Scenes/아이모드/그림그리기 게임/그림그리기진행.unity using Guid(a04d517d779b4cd4b98215d25c9074b7) Importer(815301076,1909f56bfc062723c751e8b465ee728b)  -> (artifact id: '634765036cef1cf47523fa1cf54ca00a') in 0.018845 seconds 
========================================================================
Received Import Request.
  Time since last request: 32.013759 seconds.
  path: Assets/Scenes/아이모드/그림그리기 게임/테마선택화면 1.unity
  artifactKey: Guid(4bd835370c46c5346af7f3db7084f5b0) Importer(815301076,1909f56bfc062723c751e8b465ee728b)
Start importing Assets/Scenes/아이모드/그림그리기 게임/테마선택화면 1.unity using Guid(4bd835370c46c5346af7f3db7084f5b0) Importer(815301076,1909f56bfc062723c751e8b465ee728b)  -> (artifact id: '7ab20e830b00347af1690614b01c90b2') in 0.037633 seconds 
========================================================================
Received Import Request.
  Time since last request: 13.378401 seconds.
  path: Assets/Scenes/아이모드/그림그리기 게임/그림그리기결과호면.unity
  artifactKey: Guid(c5ff77777a09c7949b21c0d7f0b6f5d9) Importer(815301076,1909f56bfc062723c751e8b465ee728b)
Start importing Assets/Scenes/아이모드/그림그리기 게임/그림그리기결과호면.unity using Guid(c5ff77777a09c7949b21c0d7f0b6f5d9) Importer(815301076,1909f56bfc062723c751e8b465ee728b)  -> (artifact id: 'f37b9f3a1021ab48346374b390314968') in 0.047070 seconds 
========================================================================
Received Import Request.
  Time since last request: 11.533464 seconds.
  path: Assets/Scenes/아이모드/그림그리기 게임/그림그리기결과화면.unity
  artifactKey: Guid(c5ff77777a09c7949b21c0d7f0b6f5d9) Importer(815301076,1909f56bfc062723c751e8b465ee728b)
Start importing Assets/Scenes/아이모드/그림그리기 게임/그림그리기결과화면.unity using Guid(c5ff77777a09c7949b21c0d7f0b6f5d9) Importer(815301076,1909f56bfc062723c751e8b465ee728b)  -> (artifact id: '373f6ce7cb448b4744893778e1194dc8') in 0.028920 seconds 
