Using pre-set license
Built from '2021.3/staging' branch; Version is '2021.3.2f1 (d6360bedb9a0) revision 14038539'; Using compiler version '192829333'; Build Type 'Release'
OS: 'Windows 10  (10.0.19044) 64bit Core' Language: 'ko' Physical Memory: 8103 MB
BatchMode: 1, IsHumanControllingUs: 0, StartBugReporterOnCrash: 0, Is64bit: 1, IsPro: 1

COMMAND LINE ARGUMENTS:
C:\Program Files\Unity\Hub\Editor\2021.3.2f1\Editor\Unity.exe
-adb2
-batchMode
-noUpm
-name
AssetImportWorker37
-projectPath
C:/Dev_Project/Unity_Project/TS2221_MOVE/Hoho
-logFile
Logs/AssetImportWorker37.log
-srvPort
52036
Successfully changed project path to: C:/Dev_Project/Unity_Project/TS2221_MOVE/Hoho
C:/Dev_Project/Unity_Project/TS2221_MOVE/Hoho
[UnityMemory] Configuration Parameters - Can be set up in boot.config
    "memorysetup-bucket-allocator-granularity=16"
    "memorysetup-bucket-allocator-bucket-count=8"
    "memorysetup-bucket-allocator-block-size=33554432"
    "memorysetup-bucket-allocator-block-count=8"
    "memorysetup-main-allocator-block-size=16777216"
    "memorysetup-thread-allocator-block-size=16777216"
    "memorysetup-gfx-main-allocator-block-size=16777216"
    "memorysetup-gfx-thread-allocator-block-size=16777216"
    "memorysetup-cache-allocator-block-size=4194304"
    "memorysetup-typetree-allocator-block-size=2097152"
    "memorysetup-profiler-bucket-allocator-granularity=16"
    "memorysetup-profiler-bucket-allocator-bucket-count=8"
    "memorysetup-profiler-bucket-allocator-block-size=33554432"
    "memorysetup-profiler-bucket-allocator-block-count=8"
    "memorysetup-profiler-allocator-block-size=16777216"
    "memorysetup-profiler-editor-allocator-block-size=1048576"
    "memorysetup-temp-allocator-size-main=16777216"
    "memorysetup-job-temp-allocator-block-size=2097152"
    "memorysetup-job-temp-allocator-block-size-background=1048576"
    "memorysetup-job-temp-allocator-reduction-small-platforms=262144"
    "memorysetup-temp-allocator-size-background-worker=32768"
    "memorysetup-temp-allocator-size-job-worker=262144"
    "memorysetup-temp-allocator-size-preload-manager=33554432"
    "memorysetup-temp-allocator-size-nav-mesh-worker=65536"
    "memorysetup-temp-allocator-size-audio-worker=65536"
    "memorysetup-temp-allocator-size-cloud-worker=32768"
    "memorysetup-temp-allocator-size-gi-baking-worker=262144"
    "memorysetup-temp-allocator-size-gfx=262144"
Refreshing native plugins compatible for Editor in 628.18 ms, found 4 plugins.
Preloading 0 native plugins for Editor in 0.00 ms.
Initialize engine version: 2021.3.2f1 (d6360bedb9a0)
[Subsystems] Discovering subsystems at path C:/Program Files/Unity/Hub/Editor/2021.3.2f1/Editor/Data/Resources/UnitySubsystems
[Subsystems] Discovering subsystems at path C:/Dev_Project/Unity_Project/TS2221_MOVE/Hoho/Assets
GfxDevice: creating device client; threaded=0; jobified=0
Direct3D:
    Version:  Direct3D 11.0 [level 11.0]
    Renderer: NVIDIA GeForce 840M (ID=0x1341)
    Vendor:   NVIDIA
    VRAM:     2020 MB
    Driver:   23.21.13.8873
Initialize mono
Mono path[0] = 'C:/Program Files/Unity/Hub/Editor/2021.3.2f1/Editor/Data/Managed'
Mono path[1] = 'C:/Program Files/Unity/Hub/Editor/2021.3.2f1/Editor/Data/MonoBleedingEdge/lib/mono/unityjit-win32'
Mono config path = 'C:/Program Files/Unity/Hub/Editor/2021.3.2f1/Editor/Data/MonoBleedingEdge/etc'
Using monoOptions --debugger-agent=transport=dt_socket,embedding=1,server=y,suspend=n,address=127.0.0.1:56956
Begin MonoManager ReloadAssembly
Registering precompiled unity dll's ...
Register platform support module: C:/Program Files/Unity/Hub/Editor/2021.3.2f1/Editor/Data/PlaybackEngines/WebGLSupport/UnityEditor.WebGL.Extensions.dll
Register platform support module: C:/Program Files/Unity/Hub/Editor/2021.3.2f1/Editor/Data/PlaybackEngines/AndroidPlayer/UnityEditor.Android.Extensions.dll
Register platform support module: C:/Program Files/Unity/Hub/Editor/2021.3.2f1/Editor/Data/PlaybackEngines/WindowsStandaloneSupport/UnityEditor.WindowsStandalone.Extensions.dll
Register platform support module: C:/Program Files/Unity/Hub/Editor/2021.3.2f1/Editor/Data/PlaybackEngines/MetroSupport/UnityEditor.UWP.Extensions.dll
Registered in 0.149039 seconds.
Native extension for UWP target not found
Native extension for WindowsStandalone target not found
Native extension for Android target not found
Native extension for WebGL target not found
Refreshing native plugins compatible for Editor in 312.35 ms, found 4 plugins.
Preloading 0 native plugins for Editor in 0.00 ms.
Mono: successfully reloaded assembly
- Completed reload, in  3.807 seconds
Domain Reload Profiling:
	ReloadAssembly (3808ms)
		BeginReloadAssembly (719ms)
			ExecutionOrderSort (0ms)
			DisableScriptedObjects (0ms)
			BackupInstance (0ms)
			ReleaseScriptingObjects (0ms)
			CreateAndSetChildDomain (2ms)
		EndReloadAssembly (2344ms)
			LoadAssemblies (709ms)
			RebuildTransferFunctionScriptingTraits (0ms)
			SetupTypeCache (729ms)
			ReleaseScriptCaches (0ms)
			RebuildScriptCaches (123ms)
			SetupLoadedEditorAssemblies (1202ms)
				LogAssemblyErrors (0ms)
				InitializePlatformSupportModulesInManaged (253ms)
				SetLoadedEditorAssemblies (0ms)
				RefreshPlugins (313ms)
				BeforeProcessingInitializeOnLoad (4ms)
				ProcessInitializeOnLoadAttributes (369ms)
				ProcessInitializeOnLoadMethodAttributes (262ms)
				AfterProcessingInitializeOnLoad (0ms)
				EditorAssembliesLoaded (0ms)
			ExecutionOrderSort2 (0ms)
			AwakeInstancesAfterBackupRestoration (0ms)
Platform modules already initialized, skipping
Registering precompiled user dll's ...
Registered in 0.080256 seconds.
Begin MonoManager ReloadAssembly
Symbol file LoadedFromMemory doesn't match image C:\Dev_Project\Unity_Project\TS2221_MOVE\Hoho\Library\PackageCache\com.unity.visualscripting@1.7.6\Editor\VisualScripting.Core\Dependencies\YamlDotNet\Unity.VisualScripting.YamlDotNet.dll
Symbol file LoadedFromMemory doesn't match image C:\Dev_Project\Unity_Project\TS2221_MOVE\Hoho\Library\PackageCache\com.unity.visualscripting@1.7.6\Editor\VisualScripting.Core\Dependencies\DotNetZip\Unity.VisualScripting.IonicZip.dll
Native extension for UWP target not found
Native extension for WindowsStandalone target not found
Native extension for Android target not found
Native extension for WebGL target not found
Refreshing native plugins compatible for Editor in 303.83 ms, found 4 plugins.
Preloading 0 native plugins for Editor in 0.00 ms.
Mono: successfully reloaded assembly
- Completed reload, in  5.387 seconds
Domain Reload Profiling:
	ReloadAssembly (5389ms)
		BeginReloadAssembly (833ms)
			ExecutionOrderSort (0ms)
			DisableScriptedObjects (97ms)
			BackupInstance (0ms)
			ReleaseScriptingObjects (0ms)
			CreateAndSetChildDomain (168ms)
		EndReloadAssembly (3903ms)
			LoadAssemblies (630ms)
			RebuildTransferFunctionScriptingTraits (0ms)
			SetupTypeCache (1377ms)
			ReleaseScriptCaches (2ms)
			RebuildScriptCaches (177ms)
			SetupLoadedEditorAssemblies (1693ms)
				LogAssemblyErrors (0ms)
				InitializePlatformSupportModulesInManaged (77ms)
				SetLoadedEditorAssemblies (0ms)
				RefreshPlugins (304ms)
				BeforeProcessingInitializeOnLoad (397ms)
				ProcessInitializeOnLoadAttributes (700ms)
				ProcessInitializeOnLoadMethodAttributes (136ms)
				AfterProcessingInitializeOnLoad (78ms)
				EditorAssembliesLoaded (1ms)
			ExecutionOrderSort2 (0ms)
			AwakeInstancesAfterBackupRestoration (52ms)
Platform modules already initialized, skipping
========================================================================
Worker process is ready to serve import requests
Launched and connected shader compiler UnityShaderCompiler.exe after 0.41 seconds
Refreshing native plugins compatible for Editor in 1.93 ms, found 4 plugins.
Preloading 0 native plugins for Editor in 0.00 ms.
Unloading 4048 Unused Serialized files (Serialized files now loaded: 0)
Unloading 42 unused Assets / (200.3 KB). Loaded Objects now: 4525.
Memory consumption went from 174.9 MB to 174.7 MB.
Total: 12.053500 ms (FindLiveObjects: 0.666100 ms CreateObjectMapping: 0.545200 ms MarkObjects: 10.470700 ms  DeleteObjects: 0.369100 ms)

AssetImportParameters requested are different than current active one (requested -> active):
  custom:video-decoder-ogg-theora: a1e56fd34408186e4bbccfd4996cb3dc -> 
  custom:container-muxer-webm: aa71ff27fc2769a1b78a27578f13a17b -> 
  custom:container-demuxer-webm: 4f35f7cbe854078d1ac9338744f61a02 -> 
  custom:video-encoder-webm-vp8: eb34c28f22e8b96e1ab97ce403110664 -> 
  custom:video-codec-MediaFoundation-h265: 746d11721c4dcdbdad8f713fa42b33f4 -> 
  custom:audio-encoder-webm-vorbis: bf7c407c2cedff20999df2af8eb42d56 -> 
  custom:framework-win-MediaFoundation: 216162199b28c13a410421893ffa2e32 -> 
  custom:container-demuxer-ogg: 62fdf1f143b41e24485cea50d1cbac27 -> 
  custom:video-decoder-webm-vp8: 9c59270c3fd7afecdb556c50c9e8de78 -> 
  custom:audio-decoder-ogg-vorbis: bf7c407c2cedff20999df2af8eb42d56 -> 
========================================================================
Received Import Request.
  Time since last request: 42046.777523 seconds.
  path: Assets/Pictures/음계1.png
  artifactKey: Guid(f15986307ccba7141becc5d22fd8934a) Importer(815301076,1909f56bfc062723c751e8b465ee728b)
Start importing Assets/Pictures/음계1.png using Guid(f15986307ccba7141becc5d22fd8934a) Importer(815301076,1909f56bfc062723c751e8b465ee728b)  -> (artifact id: '745a138e0d7d9323ac21f4c2cf4031e9') in 0.380323 seconds 
========================================================================
Received Import Request.
  Time since last request: 0.000033 seconds.
  path: Assets/Pictures/8분음표.png
  artifactKey: Guid(36ec4036feb239449bc9f7bb5c2e07bd) Importer(815301076,1909f56bfc062723c751e8b465ee728b)
Start importing Assets/Pictures/8분음표.png using Guid(36ec4036feb239449bc9f7bb5c2e07bd) Importer(815301076,1909f56bfc062723c751e8b465ee728b)  -> (artifact id: 'b0345679f7cf507b0a52ae0ca5d758df') in 0.047288 seconds 
========================================================================
Received Import Request.
  Time since last request: 0.000053 seconds.
  path: Assets/Pictures/오르골.png
  artifactKey: Guid(954dbdb1c7c395440857c19b05a977b6) Importer(815301076,1909f56bfc062723c751e8b465ee728b)
Start importing Assets/Pictures/오르골.png using Guid(954dbdb1c7c395440857c19b05a977b6) Importer(815301076,1909f56bfc062723c751e8b465ee728b)  -> (artifact id: '016a3284ae6187566105ec51a23aee13') in 0.322726 seconds 
========================================================================
Received Import Request.
  Time since last request: 0.000048 seconds.
  path: Assets/Pictures/8분음표_꼬리잇기.png
  artifactKey: Guid(7864ce6445b0be346a5dc2978baf8fe8) Importer(815301076,1909f56bfc062723c751e8b465ee728b)
Start importing Assets/Pictures/8분음표_꼬리잇기.png using Guid(7864ce6445b0be346a5dc2978baf8fe8) Importer(815301076,1909f56bfc062723c751e8b465ee728b)  -> (artifact id: '2bb5a2b26cc2dd8698a373a9766bdcef') in 0.109278 seconds 
========================================================================
Received Import Request.
  Time since last request: 0.000055 seconds.
  path: Assets/Pictures/음악해설마.png
  artifactKey: Guid(09ae8a4067ab8d441919ee72ed2464a3) Importer(815301076,1909f56bfc062723c751e8b465ee728b)
Start importing Assets/Pictures/음악해설마.png using Guid(09ae8a4067ab8d441919ee72ed2464a3) Importer(815301076,1909f56bfc062723c751e8b465ee728b)  -> (artifact id: 'e3dfd5002bf7964f03d92e9bdded2081') in 0.120822 seconds 
========================================================================
Received Import Request.
  Time since last request: 0.000032 seconds.
  path: Assets/Pictures/벨.png
  artifactKey: Guid(6825d47dd9ca78c489251cee79ec5248) Importer(815301076,1909f56bfc062723c751e8b465ee728b)
Start importing Assets/Pictures/벨.png using Guid(6825d47dd9ca78c489251cee79ec5248) Importer(815301076,1909f56bfc062723c751e8b465ee728b)  -> (artifact id: '8b1126370f9c559f9a24b4ce8116b485') in 0.047048 seconds 
========================================================================
Received Import Request.
  Time since last request: 0.001109 seconds.
  path: Assets/Pictures/높은음자리표.png
  artifactKey: Guid(acfaaaeecfbe10c4db350c4eff9c3cbd) Importer(815301076,1909f56bfc062723c751e8b465ee728b)
Start importing Assets/Pictures/높은음자리표.png using Guid(acfaaaeecfbe10c4db350c4eff9c3cbd) Importer(815301076,1909f56bfc062723c751e8b465ee728b)  -> (artifact id: 'f24e3eb7ad569edb2f7e80ba2c9b3424') in 0.119455 seconds 
========================================================================
Received Import Request.
  Time since last request: 3058.967839 seconds.
  path: Assets/Scenes/아이모드/연주하기 게임
  artifactKey: Guid(534ba0ca8790e5a45bc8ac402f06f05c) Importer(815301076,1909f56bfc062723c751e8b465ee728b)
Start importing Assets/Scenes/아이모드/연주하기 게임 using Guid(534ba0ca8790e5a45bc8ac402f06f05c) Importer(815301076,1909f56bfc062723c751e8b465ee728b)  -> (artifact id: 'f5d6911d81d0742424e56e97786d0c76') in 0.052973 seconds 
========================================================================
Received Import Request.
  Time since last request: 14.534230 seconds.
  path: Assets/Scenes/아이모드/연주하기 게임/음악선택화면.unity
  artifactKey: Guid(6c24015d38147ba439c4409dbfcaa5a6) Importer(815301076,1909f56bfc062723c751e8b465ee728b)
Start importing Assets/Scenes/아이모드/연주하기 게임/음악선택화면.unity using Guid(6c24015d38147ba439c4409dbfcaa5a6) Importer(815301076,1909f56bfc062723c751e8b465ee728b)  -> (artifact id: 'ace82ea7dd47982088318198cc7f7afa') in 0.040506 seconds 
========================================================================
Received Import Request.
  Time since last request: 7.353300 seconds.
  path: Assets/Scenes/아이모드/연주하기 게임/연주하기시작화면.unity
  artifactKey: Guid(b065a0b4779d4d94cbc5fdbfe2647ef6) Importer(815301076,1909f56bfc062723c751e8b465ee728b)
Start importing Assets/Scenes/아이모드/연주하기 게임/연주하기시작화면.unity using Guid(b065a0b4779d4d94cbc5fdbfe2647ef6) Importer(815301076,1909f56bfc062723c751e8b465ee728b)  -> (artifact id: '4f529facf71c2e5fc010b78aee9656b8') in 0.064681 seconds 
========================================================================
Received Import Request.
  Time since last request: 115.940527 seconds.
  path: Assets/Scenes/아이모드/연주하기 게임/연주하기시작화면.unity
  artifactKey: Guid(b065a0b4779d4d94cbc5fdbfe2647ef6) Importer(815301076,1909f56bfc062723c751e8b465ee728b)
Start importing Assets/Scenes/아이모드/연주하기 게임/연주하기시작화면.unity using Guid(b065a0b4779d4d94cbc5fdbfe2647ef6) Importer(815301076,1909f56bfc062723c751e8b465ee728b)  -> (artifact id: '54ddcdb0812ce04c766aca06cdb22ec9') in 0.016494 seconds 
========================================================================
Received Import Request.
  Time since last request: 34.456023 seconds.
  path: Assets/Scenes/아이모드/연주하기 게임/음악선택화면.unity
  artifactKey: Guid(6c24015d38147ba439c4409dbfcaa5a6) Importer(815301076,1909f56bfc062723c751e8b465ee728b)
Start importing Assets/Scenes/아이모드/연주하기 게임/음악선택화면.unity using Guid(6c24015d38147ba439c4409dbfcaa5a6) Importer(815301076,1909f56bfc062723c751e8b465ee728b)  -> (artifact id: '25c166947d23e7829160d9ba350d2b48') in 0.022568 seconds 
========================================================================
Received Import Request.
  Time since last request: 6306.348672 seconds.
  path: Assets/Scenes/아이모드/연주하기 게임/연주하기진행.unity
  artifactKey: Guid(029868b9a7ed938428564d795987234a) Importer(815301076,1909f56bfc062723c751e8b465ee728b)
Start importing Assets/Scenes/아이모드/연주하기 게임/연주하기진행.unity using Guid(029868b9a7ed938428564d795987234a) Importer(815301076,1909f56bfc062723c751e8b465ee728b)  -> (artifact id: 'cc5c81fe404506644791f2bc871a8c54') in 0.038085 seconds 
========================================================================
Received Import Request.
  Time since last request: 3.159448 seconds.
  path: Assets/Scenes/아이모드/연주하기 게임/연주하기진행화면.unity
  artifactKey: Guid(029868b9a7ed938428564d795987234a) Importer(815301076,1909f56bfc062723c751e8b465ee728b)
Start importing Assets/Scenes/아이모드/연주하기 게임/연주하기진행화면.unity using Guid(029868b9a7ed938428564d795987234a) Importer(815301076,1909f56bfc062723c751e8b465ee728b)  -> (artifact id: 'd808259b9eeebe65eec275f6fd6c558f') in 0.076940 seconds 
========================================================================
Received Import Request.
  Time since last request: 8.970086 seconds.
  path: Assets/Scenes/아이모드/연주하기 게임/음악선택화면.unity
  artifactKey: Guid(6c24015d38147ba439c4409dbfcaa5a6) Importer(815301076,1909f56bfc062723c751e8b465ee728b)
Start importing Assets/Scenes/아이모드/연주하기 게임/음악선택화면.unity using Guid(6c24015d38147ba439c4409dbfcaa5a6) Importer(815301076,1909f56bfc062723c751e8b465ee728b)  -> (artifact id: '1decc4fa4f24fa51edfe7f5f74fa60cf') in 0.034289 seconds 
========================================================================
Received Import Request.
  Time since last request: 21.943258 seconds.
  path: Assets/Scenes/아이모드/연주하기 게임/연주하기설명화면.unity
  artifactKey: Guid(b58c4938d6a87f747b551f285cca505b) Importer(815301076,1909f56bfc062723c751e8b465ee728b)
Start importing Assets/Scenes/아이모드/연주하기 게임/연주하기설명화면.unity using Guid(b58c4938d6a87f747b551f285cca505b) Importer(815301076,1909f56bfc062723c751e8b465ee728b)  -> (artifact id: '5259b205cac2e5ec3313bc34914a4611') in 0.022341 seconds 
========================================================================
Received Import Request.
  Time since last request: 265.796644 seconds.
  path: Assets/Pictures/음악해설마.png
  artifactKey: Guid(09ae8a4067ab8d441919ee72ed2464a3) Importer(815301076,1909f56bfc062723c751e8b465ee728b)
Start importing Assets/Pictures/음악해설마.png using Guid(09ae8a4067ab8d441919ee72ed2464a3) Importer(815301076,1909f56bfc062723c751e8b465ee728b)  -> (artifact id: 'd0c8c1e4bdf7ce2637a4d89db183191f') in 1.274119 seconds 
========================================================================
Received Import Request.
  Time since last request: 146.427482 seconds.
  path: Assets/Scenes/아이모드/연주하기 게임/연주하기진행화면 1.unity
  artifactKey: Guid(ef5853c013f9eb34aba23d22b28eee32) Importer(815301076,1909f56bfc062723c751e8b465ee728b)
Start importing Assets/Scenes/아이모드/연주하기 게임/연주하기진행화면 1.unity using Guid(ef5853c013f9eb34aba23d22b28eee32) Importer(815301076,1909f56bfc062723c751e8b465ee728b)  -> (artifact id: '399b6efaebcdb9be81e769974f81cd18') in 0.027224 seconds 
